<?xml version="1.0" encoding="UTF-8"?>
<testng-results skipped="0" failed="0" ignored="0" total="3" passed="3">
  <reporter-output>
  </reporter-output>
  <suite name="Suite" duration-ms="4242" started-at="2019-04-11T11:17:57Z" finished-at="2019-04-11T11:18:01Z">
    <groups>
      <group name="cucumber">
        <method signature="AbstractTestNGCucumberTests.feature(cucumber.api.testng.CucumberFeatureWrapper)[pri:0, instance:restful.api.petstore.stepdefinitions.RunnerTest@43a0cee9]" name="feature" class="cucumber.api.testng.AbstractTestNGCucumberTests"/>
      </group> <!-- cucumber -->
    </groups>
    <test name="Test" duration-ms="4242" started-at="2019-04-11T11:17:57Z" finished-at="2019-04-11T11:18:01Z">
      <class name="restful.api.petstore.stepdefinitions.RunnerTest">
        <test-method status="PASS" signature="setUpClass()[pri:0, instance:restful.api.petstore.stepdefinitions.RunnerTest@43a0cee9]" name="setUpClass" is-config="true" duration-ms="201" started-at="2019-04-11T11:17:57Z" finished-at="2019-04-11T11:17:57Z">
          <reporter-output>
          </reporter-output>
        </test-method> <!-- setUpClass -->
        <test-method status="PASS" signature="feature(cucumber.api.testng.CucumberFeatureWrapper)[pri:0, instance:restful.api.petstore.stepdefinitions.RunnerTest@43a0cee9]" name="feature" duration-ms="3178" started-at="2019-04-11T11:17:57Z" description="Runs Cucumber Feature" data-provider="features" finished-at="2019-04-11T11:18:00Z">
          <params>
            <param index="0">
              <value>
                <![CDATA[Verify user should able to access pet information and able to perform get and post operation on it]]>
              </value>
            </param>
          </params>
          <reporter-output>
          </reporter-output>
        </test-method> <!-- feature -->
        <test-method status="PASS" signature="feature(cucumber.api.testng.CucumberFeatureWrapper)[pri:0, instance:restful.api.petstore.stepdefinitions.RunnerTest@43a0cee9]" name="feature" duration-ms="609" started-at="2019-04-11T11:18:01Z" description="Runs Cucumber Feature" data-provider="features" finished-at="2019-04-11T11:18:01Z">
          <params>
            <param index="0">
              <value>
                <![CDATA[Verify user should able to access pet inventory]]>
              </value>
            </param>
          </params>
          <reporter-output>
          </reporter-output>
        </test-method> <!-- feature -->
        <test-method status="PASS" signature="feature(cucumber.api.testng.CucumberFeatureWrapper)[pri:0, instance:restful.api.petstore.stepdefinitions.RunnerTest@43a0cee9]" name="feature" duration-ms="13" started-at="2019-04-11T11:18:01Z" description="Runs Cucumber Feature" data-provider="features" finished-at="2019-04-11T11:18:01Z">
          <params>
            <param index="0">
              <value>
                <![CDATA[Verify user should able to access pet inventory]]>
              </value>
            </param>
          </params>
          <reporter-output>
          </reporter-output>
        </test-method> <!-- feature -->
        <test-method status="PASS" signature="tearDownClass()[pri:0, instance:restful.api.petstore.stepdefinitions.RunnerTest@43a0cee9]" name="tearDownClass" is-config="true" duration-ms="137" started-at="2019-04-11T11:18:01Z" finished-at="2019-04-11T11:18:01Z">
          <reporter-output>
          </reporter-output>
        </test-method> <!-- tearDownClass -->
      </class> <!-- restful.api.petstore.stepdefinitions.RunnerTest -->
    </test> <!-- Test -->
  </suite> <!-- Suite -->
</testng-results>
